Precompiling packages...
  14302.6 ms  ✓ MacroEconometricModels
  1 dependency successfully precompiled in 16 seconds. 207 already precompiled.
┌ Warning: The call to compilecache failed to create a usable precompiled cache file for MacroEconometricModels [14a6ec33-bcac-448e-845f-2fb6769698f1]
│   exception = Required dependency Base.PkgId(Base.UUID("8bb1440f-4735-579b-a4ab-409b98df4dab"), "DelimitedFiles") failed to load from a cache file.
└ @ Base loading.jl:2701

=========================== RUN: test/var/test_irf.jl ===========================
Generating Data for IRF Verification...
Frequentist Estimation Done.
Testing Frequentist IRF (Cholesky)...
Testing Frequentist IRF (Sign)...
Testing Bayesian Estimation...
Bayesian Estimation Done.
Testing Bayesian IRF...
Bayesian IRF Done.
Test Summary:                           | Pass  Total  Time
IRF Tests with Theoretical Verification |   38     38  9.5s
Test Summary:  | Pass  Total  Time
Cumulative IRF |   20     20  1.5s
Test Summary:                                      | Pass  Total  Time
Bootstrap is uncorrected residual bootstrap (T060) |    4      4  0.6s
Test Summary:                                 | Pass  Total  Time
compute_irf buffer rewrite equivalence (T063) |    3      3  0.1s
Test Summary:                              | Pass  Total  Time
Core numerics batch (T062: C-14/C-16/C-18) |    8      8  0.4s
Test Summary:        | Pass  Total  Time
compute_irf exported |    2      2  0.0s
Test Summary:       | Pass  Total  Time
Sign Identified Set |   13     13  0.1s
Test Summary:                                                   | Pass  Total  Time
irf bootstrap CI is reproducible + thread-invariant (C-02/#243) |    5      5  0.3s

=== run_one.jl done ===
