Precompiling packages...
  12789.1 ms  ✓ MacroEconometricModels
  1 dependency successfully precompiled in 14 seconds. 207 already precompiled.
┌ Warning: The call to compilecache failed to create a usable precompiled cache file for MacroEconometricModels [14a6ec33-bcac-448e-845f-2fb6769698f1]
│   exception = Required dependency Base.PkgId(Base.UUID("8bb1440f-4735-579b-a4ab-409b98df4dab"), "DelimitedFiles") failed to load from a cache file.
└ @ Base loading.jl:2701
┌ Warning: Matrix near-singular (1-norm cond ≈ 3.8324664618176353e18). Using pseudo-inverse.
└ @ MacroEconometricModels ~/Desktop/CODES/MacroEconometricModels/src/core/utils.jl:152
┌ Warning: Estimated VAR is non-stationary (max eigenvalue modulus = 1.0264). Consider differencing the data or using a VECM specification.
└ @ MacroEconometricModels ~/Desktop/CODES/MacroEconometricModels/src/var/estimation.jl:63

=========================== RUN: test/var/test_irf.jl ===========================
Generating Data for IRF Verification...
Frequentist Estimation Done.
Testing Frequentist IRF (Cholesky)...
Testing Frequentist IRF (Sign)...
Testing Bayesian Estimation...
Bayesian Estimation Done.
Testing Bayesian IRF...
Bayesian IRF Done.
Test Summary:                           | Pass  Total  Time
IRF Tests with Theoretical Verification |   38     38  9.1s
Test Summary:  | Pass  Total  Time
Cumulative IRF |   20     20  1.6s
Test Summary:                                      | Pass  Total  Time
Bootstrap is uncorrected residual bootstrap (T060) |    4      4  0.6s
Test Summary:                                 | Pass  Total  Time
compute_irf buffer rewrite equivalence (T063) |    3      3  0.1s
Test Summary:                              | Pass  Total  Time
Core numerics batch (T062: C-14/C-16/C-18) |    8      8  0.4s
Test Summary:        | Pass  Total  Time
compute_irf exported |    2      2  0.0s
Test Summary:       | Pass  Total  Time
Sign Identified Set |   13     13  0.1s
Test Summary:                                                   | Pass  Total  Time
irf bootstrap CI is reproducible + thread-invariant (C-02/#243) |    6      6  0.6s

=========================== RUN: test/var/test_core_var.jl ===========================
Test Summary:             | Pass  Total  Time
Core VAR & Identification |  190    190  3.3s
Test Summary:                                  | Pass  Total  Time
VAR predict in-place history ring (#210 box C) |    1      1  0.2s

=== run_one.jl done ===
