Precompiling packages...
  10247.7 ms  ✓ MacroEconometricModels
  1 dependency successfully precompiled in 11 seconds. 207 already precompiled.
┌ Warning: The call to compilecache failed to create a usable precompiled cache file for MacroEconometricModels [14a6ec33-bcac-448e-845f-2fb6769698f1]
│   exception = Required dependency Base.PkgId(Base.UUID("8bb1440f-4735-579b-a4ab-409b98df4dab"), "DelimitedFiles") failed to load from a cache file.
└ @ Base loading.jl:2701

=========================== RUN: test/var/test_arias2018.jl ===========================
Test Summary:                           | Pass  Broken  Total  Time
Arias et al. (2018) SVAR Identification |  424       1    425  4.3s
Test Summary:           | Pass  Total  Time
identify_arias_bayesian |  140    140  1.6s
Test Summary:             | Pass  Total  Time
Helper Functions Coverage |   82     82  0.1s
Test Summary:                                | Pass  Total  Time
Draw-Dependent Importance Weight Correctness |   73     73  0.4s
Test Summary:  | Pass  Total  Time
Error Handling |    2      2  0.0s
Test Summary:                         | Pass  Total  Time
Arias rng reproducibility (#243/T144) |    2      2  0.2s
Arias et al. (2018) tests completed.

=== run_one.jl done ===
