Precompiling packages...
  11368.8 ms  ✓ MacroEconometricModels
  1 dependency successfully precompiled in 12 seconds. 207 already precompiled.
┌ Warning: The call to compilecache failed to create a usable precompiled cache file for MacroEconometricModels [14a6ec33-bcac-448e-845f-2fb6769698f1]
│   exception = Required dependency Base.PkgId(Base.UUID("8bb1440f-4735-579b-a4ab-409b98df4dab"), "DelimitedFiles") failed to load from a cache file.
└ @ Base loading.jl:2701
┌ Warning: Matrix singular. Using pseudo-inverse.
└ @ MacroEconometricModels ~/Desktop/CODES/MacroEconometricModels/src/core/utils.jl:158
┌ Warning: Matrix singular. Using pseudo-inverse.
└ @ MacroEconometricModels ~/Desktop/CODES/MacroEconometricModels/src/core/utils.jl:158
┌ Warning: Matrix singular. Using pseudo-inverse.
└ @ MacroEconometricModels ~/Desktop/CODES/MacroEconometricModels/src/core/utils.jl:158

=========================== RUN: test/core/test_exceptions.jl ===========================
Test Summary:                    | Pass  Total  Time
T146: exception hierarchy (#245) |   19     19  0.1s
Test Summary:                           | Pass  Total  Time
T145: _is_recoverable_draw_error (#244) |   10     10  0.0s

=========================== RUN: test/lp/test_lp.jl ===========================
Test Summary:     | Pass  Total   Time
Local Projections |  405    405  19.4s
Test Summary:                        | Pass  Total  Time
LP Gram rank-1 downdate (#210 box E) |   28     28  0.1s

=========================== RUN: test/dsge/test_dsge_hd.jl ===========================
Test Summary:                 | Pass  Total   Time
DSGE Historical Decomposition |   68     68  24.2s

=== run_one.jl done ===
