┌ Warning: Module MacroEconometricModels with build ID ffffffff-ffff-ffff-58e3-ed063796c232 is missing from the cache.
│ This may mean MacroEconometricModels [14a6ec33-bcac-448e-845f-2fb6769698f1] does not support precompilation but is imported by a module that does.
└ @ Base loading.jl:2643

******************************************************************************
This program contains Ipopt, a library for large-scale nonlinear optimization.
 Ipopt is released as open source code under the Eclipse Public License (EPL).
         For more information visit https://github.com/coin-or/Ipopt
******************************************************************************

┌ Warning: Module MacroEconometricModels with build ID ffffffff-ffff-ffff-58e3-ed063796c232 is missing from the cache.
│ This may mean MacroEconometricModels [14a6ec33-bcac-448e-845f-2fb6769698f1] does not support precompilation but is imported by a module that does.
└ @ Base loading.jl:2643
Precompiling packages...
   9922.4 ms  ✓ MacroEconometricModels
  1 dependency successfully precompiled in 11 seconds. 207 already precompiled.
┌ Warning: The call to compilecache failed to create a usable precompiled cache file for MacroEconometricModels [14a6ec33-bcac-448e-845f-2fb6769698f1]
│   exception = Required dependency Base.PkgId(Base.UUID("8bb1440f-4735-579b-a4ab-409b98df4dab"), "DelimitedFiles") failed to load from a cache file.
└ @ Base loading.jl:2701
┌ Warning: Steady state solver did not converge (retcode = Stalled)
└ @ MacroEconometricModels ~/Desktop/CODES/MacroEconometricModels/src/dsge/steady_state.jl:216
┌ Warning: Steady state solver did not converge (retcode = Stalled)
└ @ MacroEconometricModels ~/Desktop/CODES/MacroEconometricModels/src/dsge/steady_state.jl:216
┌ Warning: Perfect-foresight path has not returned to the steady state by the terminal period (‖deviation‖∞ = 0.005726416908215934 ≫ 1.0e-6); increase the horizon T for an accurate transition.
└ @ MacroEconometricModels ~/Desktop/CODES/MacroEconometricModels/src/dsge/perfect_foresight.jl:124
┌ Warning: Perfect-foresight path has not returned to the steady state by the terminal period (‖deviation‖∞ = 0.0015474252271270746 ≫ 1.0e-6); increase the horizon T for an accurate transition.
└ @ MacroEconometricModels ~/Desktop/CODES/MacroEconometricModels/src/dsge/perfect_foresight.jl:124
┌ Warning: Perfect-foresight path has not returned to the steady state by the terminal period (‖deviation‖∞ = 1.907339483251899e-6 ≫ 1.0e-6); increase the horizon T for an accurate transition.
└ @ MacroEconometricModels ~/Desktop/CODES/MacroEconometricModels/src/dsge/perfect_foresight.jl:124
┌ Warning: Perfect-foresight path has not returned to the steady state by the terminal period (‖deviation‖∞ = 0.10250672099140686 ≫ 1.0e-6); increase the horizon T for an accurate transition.
└ @ MacroEconometricModels ~/Desktop/CODES/MacroEconometricModels/src/dsge/perfect_foresight.jl:124
┌ Warning: Perfect-foresight path has not returned to the steady state by the terminal period (‖deviation‖∞ = 0.04710128698204115 ≫ 1.0e-6); increase the horizon T for an accurate transition.
└ @ MacroEconometricModels ~/Desktop/CODES/MacroEconometricModels/src/dsge/perfect_foresight.jl:124
┌ Warning: Perfect-foresight path has not returned to the steady state by the terminal period (‖deviation‖∞ = 0.1350851717634148 ≫ 1.0e-6); increase the horizon T for an accurate transition.
└ @ MacroEconometricModels ~/Desktop/CODES/MacroEconometricModels/src/dsge/perfect_foresight.jl:124
┌ Warning: Perfect-foresight path has not returned to the steady state by the terminal period (‖deviation‖∞ = 0.1350851717634148 ≫ 1.0e-6); increase the horizon T for an accurate transition.
└ @ MacroEconometricModels ~/Desktop/CODES/MacroEconometricModels/src/dsge/perfect_foresight.jl:124
┌ Warning: Perfect-foresight path has not returned to the steady state by the terminal period (‖deviation‖∞ = 0.005726416908215934 ≫ 1.0e-6); increase the horizon T for an accurate transition.
└ @ MacroEconometricModels ~/Desktop/CODES/MacroEconometricModels/src/dsge/perfect_foresight.jl:124
┌ Warning: OccBin: the defining equation for :R is ambiguous (runner-up/top = 1.0 > 0.9); pass an explicit Dict(variable => equation_index) to disambiguate.
└ @ MacroEconometricModels ~/Desktop/CODES/MacroEconometricModels/src/dsge/occbin.jl:180
┌ Warning: OccBin: the defining equation for :R is ambiguous (runner-up/top = 1.0 > 0.9); pass an explicit Dict(variable => equation_index) to disambiguate.
└ @ MacroEconometricModels ~/Desktop/CODES/MacroEconometricModels/src/dsge/occbin.jl:180
┌ Warning: OccBin: the defining equation for :R is ambiguous (runner-up/top = 1.0 > 0.9); pass an explicit Dict(variable => equation_index) to disambiguate.
└ @ MacroEconometricModels ~/Desktop/CODES/MacroEconometricModels/src/dsge/occbin.jl:180
┌ Warning: OccBin: the defining equation for :R is ambiguous (runner-up/top = 1.0 > 0.9); pass an explicit Dict(variable => equation_index) to disambiguate.
└ @ MacroEconometricModels ~/Desktop/CODES/MacroEconometricModels/src/dsge/occbin.jl:180
┌ Warning: OccBin: the defining equation for :R is ambiguous (runner-up/top = 1.0 > 0.9); pass an explicit Dict(variable => equation_index) to disambiguate.
└ @ MacroEconometricModels ~/Desktop/CODES/MacroEconometricModels/src/dsge/occbin.jl:180
┌ Warning: OccBin: the defining equation for :R is ambiguous (runner-up/top = 1.0 > 0.9); pass an explicit Dict(variable => equation_index) to disambiguate.
└ @ MacroEconometricModels ~/Desktop/CODES/MacroEconometricModels/src/dsge/occbin.jl:180
┌ Warning: DSGE determinacy: 2 generalized eigenvalues cluster within cluster_tol=1.0e-6 of |λ|=1; the stable/unstable split is numerically delicate — pass an explicit `div` to force a deterministic classification.
└ @ MacroEconometricModels ~/Desktop/CODES/MacroEconometricModels/src/dsge/qz_solve.jl:31
┌ Warning: Optim converged to non-zero residual (||F||² = 0.002500000000099997). Steady state may not be accurate.
└ @ MacroEconometricModels ~/Desktop/CODES/MacroEconometricModels/src/dsge/steady_state.jl:272
┌ Warning: NLopt converged to non-zero residual (||F||² = 0.0024999999999999988). This is expected when constraints are binding. Verify solution accuracy.
└ @ MacroEconometricModels ~/Desktop/CODES/MacroEconometricModels/src/dsge/steady_state.jl:350
┌ Warning: NLopt converged to non-zero residual (||F||² = 0.0008999999999999982). This is expected when constraints are binding. Verify solution accuracy.
└ @ MacroEconometricModels ~/Desktop/CODES/MacroEconometricModels/src/dsge/steady_state.jl:350
┌ Warning: Steady state solver did not converge (retcode = Stalled)
└ @ MacroEconometricModels ~/Desktop/CODES/MacroEconometricModels/src/dsge/steady_state.jl:216
┌ Warning: Perfect-foresight path has not returned to the steady state by the terminal period (‖deviation‖∞ = 0.14130386114864224 ≫ 1.0e-6); increase the horizon T for an accurate transition.
└ @ MacroEconometricModels ~/Desktop/CODES/MacroEconometricModels/src/dsge/perfect_foresight.jl:124
┌ Warning: Perfect-foresight path has not returned to the steady state by the terminal period (‖deviation‖∞ = 0.32805000000000006 ≫ 9.999999999999999e-5); increase the horizon T for an accurate transition.
└ @ MacroEconometricModels ~/Desktop/CODES/MacroEconometricModels/src/dsge/perfect_foresight.jl:124
Precompiling packages...
Info Given MacroEconometricModelsJuMPExt was explicitly requested, output will be shown live [0K
[0K┌ Warning: Module MacroEconometricModels with build ID ffffffff-ffff-ffff-58e3-ed063796c232 is missing from the cache.
[0K│ This may mean MacroEconometricModels [14a6ec33-bcac-448e-845f-2fb6769698f1] does not support precompilation but is imported by a module that does.
[0K└ @ Base loading.jl:2643
    698.4 ms  ? MacroEconometricModelsJuMPExt (serial)
Precompiling packages...
Info Given MacroEconometricModelsPATHExt was explicitly requested, output will be shown live [0K
[0K┌ Warning: Module MacroEconometricModels with build ID ffffffff-ffff-ffff-58e3-ed063796c232 is missing from the cache.
[0K│ This may mean MacroEconometricModels [14a6ec33-bcac-448e-845f-2fb6769698f1] does not support precompilation but is imported by a module that does.
[0K└ @ Base loading.jl:2643
    214.9 ms  ? MacroEconometricModelsPATHExt (serial)
┌ Warning: Matrix near-singular (1-norm cond ≈ 3.8324664618176353e18). Using pseudo-inverse.
└ @ MacroEconometricModels ~/Desktop/CODES/MacroEconometricModels/src/core/utils.jl:130
┌ Warning: Estimated VAR is non-stationary (max eigenvalue modulus = 1.0264). Consider differencing the data or using a VECM specification.
└ @ MacroEconometricModels ~/Desktop/CODES/MacroEconometricModels/src/var/estimation.jl:63

=========================== RUN: test/dsge/test_dsge.jl ===========================
Test Summary: | Pass  Total     Time
DSGE Module   | 1424   1424  1m31.1s

=========================== RUN: test/var/test_core_var.jl ===========================
Test Summary:             | Pass  Total  Time
Core VAR & Identification |  190    190  2.6s
Test Summary:                                  | Pass  Total  Time
VAR predict in-place history ring (#210 box C) |    1      1  0.1s

=== run_one.jl done ===
