┌ Warning: Module MacroEconometricModels with build ID ffffffff-ffff-ffff-5d37-c42df84f9903 is missing from the cache.
│ This may mean MacroEconometricModels [14a6ec33-bcac-448e-845f-2fb6769698f1] does not support precompilation but is imported by a module that does.
└ @ Base loading.jl:2643

******************************************************************************
This program contains Ipopt, a library for large-scale nonlinear optimization.
 Ipopt is released as open source code under the Eclipse Public License (EPL).
         For more information visit https://github.com/coin-or/Ipopt
******************************************************************************

┌ Warning: Module MacroEconometricModels with build ID ffffffff-ffff-ffff-5d37-c42df84f9903 is missing from the cache.
│ This may mean MacroEconometricModels [14a6ec33-bcac-448e-845f-2fb6769698f1] does not support precompilation but is imported by a module that does.
└ @ Base loading.jl:2643
Precompiling packages...
   9872.9 ms  ✓ MacroEconometricModels
  1 dependency successfully precompiled in 10 seconds. 207 already precompiled.
┌ Warning: The call to compilecache failed to create a usable precompiled cache file for MacroEconometricModels [14a6ec33-bcac-448e-845f-2fb6769698f1]
│   exception = Required dependency Base.PkgId(Base.UUID("8bb1440f-4735-579b-a4ab-409b98df4dab"), "DelimitedFiles") failed to load from a cache file.
└ @ Base loading.jl:2701
┌ Warning: Steady state solver did not converge (retcode = Stalled)
└ @ MacroEconometricModels ~/Desktop/CODES/MacroEconometricModels/src/dsge/steady_state.jl:216
┌ Warning: Steady state solver did not converge (retcode = Stalled)
└ @ MacroEconometricModels ~/Desktop/CODES/MacroEconometricModels/src/dsge/steady_state.jl:216
┌ Warning: Perfect-foresight path has not returned to the steady state by the terminal period (‖deviation‖∞ = 0.005726416908215934 ≫ 1.0e-6); increase the horizon T for an accurate transition.
└ @ MacroEconometricModels ~/Desktop/CODES/MacroEconometricModels/src/dsge/perfect_foresight.jl:124
┌ Warning: Perfect-foresight path has not returned to the steady state by the terminal period (‖deviation‖∞ = 0.0015474252271270746 ≫ 1.0e-6); increase the horizon T for an accurate transition.
└ @ MacroEconometricModels ~/Desktop/CODES/MacroEconometricModels/src/dsge/perfect_foresight.jl:124
┌ Warning: Perfect-foresight path has not returned to the steady state by the terminal period (‖deviation‖∞ = 1.907339483251899e-6 ≫ 1.0e-6); increase the horizon T for an accurate transition.
└ @ MacroEconometricModels ~/Desktop/CODES/MacroEconometricModels/src/dsge/perfect_foresight.jl:124
┌ Warning: Perfect-foresight path has not returned to the steady state by the terminal period (‖deviation‖∞ = 0.10250672099140686 ≫ 1.0e-6); increase the horizon T for an accurate transition.
└ @ MacroEconometricModels ~/Desktop/CODES/MacroEconometricModels/src/dsge/perfect_foresight.jl:124
┌ Warning: Perfect-foresight path has not returned to the steady state by the terminal period (‖deviation‖∞ = 0.04710128698204115 ≫ 1.0e-6); increase the horizon T for an accurate transition.
└ @ MacroEconometricModels ~/Desktop/CODES/MacroEconometricModels/src/dsge/perfect_foresight.jl:124
┌ Warning: Perfect-foresight path has not returned to the steady state by the terminal period (‖deviation‖∞ = 0.1350851717634148 ≫ 1.0e-6); increase the horizon T for an accurate transition.
└ @ MacroEconometricModels ~/Desktop/CODES/MacroEconometricModels/src/dsge/perfect_foresight.jl:124
┌ Warning: Perfect-foresight path has not returned to the steady state by the terminal period (‖deviation‖∞ = 0.1350851717634148 ≫ 1.0e-6); increase the horizon T for an accurate transition.
└ @ MacroEconometricModels ~/Desktop/CODES/MacroEconometricModels/src/dsge/perfect_foresight.jl:124
┌ Warning: Perfect-foresight path has not returned to the steady state by the terminal period (‖deviation‖∞ = 0.005726416908215934 ≫ 1.0e-6); increase the horizon T for an accurate transition.
└ @ MacroEconometricModels ~/Desktop/CODES/MacroEconometricModels/src/dsge/perfect_foresight.jl:124
┌ Warning: OccBin: the defining equation for :R is ambiguous (runner-up/top = 1.0 > 0.9); pass an explicit Dict(variable => equation_index) to disambiguate.
└ @ MacroEconometricModels ~/Desktop/CODES/MacroEconometricModels/src/dsge/occbin.jl:180
┌ Warning: OccBin: the defining equation for :R is ambiguous (runner-up/top = 1.0 > 0.9); pass an explicit Dict(variable => equation_index) to disambiguate.
└ @ MacroEconometricModels ~/Desktop/CODES/MacroEconometricModels/src/dsge/occbin.jl:180
┌ Warning: OccBin: the defining equation for :R is ambiguous (runner-up/top = 1.0 > 0.9); pass an explicit Dict(variable => equation_index) to disambiguate.
└ @ MacroEconometricModels ~/Desktop/CODES/MacroEconometricModels/src/dsge/occbin.jl:180
┌ Warning: OccBin: the defining equation for :R is ambiguous (runner-up/top = 1.0 > 0.9); pass an explicit Dict(variable => equation_index) to disambiguate.
└ @ MacroEconometricModels ~/Desktop/CODES/MacroEconometricModels/src/dsge/occbin.jl:180
┌ Warning: OccBin: the defining equation for :R is ambiguous (runner-up/top = 1.0 > 0.9); pass an explicit Dict(variable => equation_index) to disambiguate.
└ @ MacroEconometricModels ~/Desktop/CODES/MacroEconometricModels/src/dsge/occbin.jl:180
┌ Warning: OccBin: the defining equation for :R is ambiguous (runner-up/top = 1.0 > 0.9); pass an explicit Dict(variable => equation_index) to disambiguate.
└ @ MacroEconometricModels ~/Desktop/CODES/MacroEconometricModels/src/dsge/occbin.jl:180
┌ Warning: DSGE determinacy: 2 generalized eigenvalues cluster within cluster_tol=1.0e-6 of |λ|=1; the stable/unstable split is numerically delicate — pass an explicit `div` to force a deterministic classification.
└ @ MacroEconometricModels ~/Desktop/CODES/MacroEconometricModels/src/dsge/qz_solve.jl:31
┌ Warning: Optim converged to non-zero residual (||F||² = 0.002500000000099997). Steady state may not be accurate.
└ @ MacroEconometricModels ~/Desktop/CODES/MacroEconometricModels/src/dsge/steady_state.jl:272
┌ Warning: NLopt converged to non-zero residual (||F||² = 0.0024999999999999988). This is expected when constraints are binding. Verify solution accuracy.
└ @ MacroEconometricModels ~/Desktop/CODES/MacroEconometricModels/src/dsge/steady_state.jl:350
┌ Warning: NLopt converged to non-zero residual (||F||² = 0.0008999999999999982). This is expected when constraints are binding. Verify solution accuracy.
└ @ MacroEconometricModels ~/Desktop/CODES/MacroEconometricModels/src/dsge/steady_state.jl:350
┌ Warning: Steady state solver did not converge (retcode = Stalled)
└ @ MacroEconometricModels ~/Desktop/CODES/MacroEconometricModels/src/dsge/steady_state.jl:216
┌ Warning: Perfect-foresight path has not returned to the steady state by the terminal period (‖deviation‖∞ = 0.14130386114864224 ≫ 1.0e-6); increase the horizon T for an accurate transition.
└ @ MacroEconometricModels ~/Desktop/CODES/MacroEconometricModels/src/dsge/perfect_foresight.jl:124
┌ Warning: Perfect-foresight path has not returned to the steady state by the terminal period (‖deviation‖∞ = 0.32805000000000006 ≫ 9.999999999999999e-5); increase the horizon T for an accurate transition.
└ @ MacroEconometricModels ~/Desktop/CODES/MacroEconometricModels/src/dsge/perfect_foresight.jl:124
Precompiling packages...
Info Given MacroEconometricModelsJuMPExt was explicitly requested, output will be shown live [0K
[0K┌ Warning: Module MacroEconometricModels with build ID ffffffff-ffff-ffff-5d37-c42df84f9903 is missing from the cache.
[0K│ This may mean MacroEconometricModels [14a6ec33-bcac-448e-845f-2fb6769698f1] does not support precompilation but is imported by a module that does.
[0K└ @ Base loading.jl:2643
    646.9 ms  ? MacroEconometricModelsJuMPExt (serial)
Precompiling packages...
Info Given MacroEconometricModelsPATHExt was explicitly requested, output will be shown live [0K
[0K┌ Warning: Module MacroEconometricModels with build ID ffffffff-ffff-ffff-5d37-c42df84f9903 is missing from the cache.
[0K│ This may mean MacroEconometricModels [14a6ec33-bcac-448e-845f-2fb6769698f1] does not support precompilation but is imported by a module that does.
[0K└ @ Base loading.jl:2643
    220.4 ms  ? MacroEconometricModelsPATHExt (serial)
ERROR: LoadError: Some tests did not pass: 1423 passed, 1 failed, 0 errored, 0 broken.
in expression starting at /Users/chung/Desktop/CODES/MacroEconometricModels/test/dsge/test_dsge.jl:21
in expression starting at /Users/chung/Desktop/CODES/MacroEconometricModels/scratchpad/run_one.jl:13

=========================== RUN: test/dsge/test_dsge.jl ===========================
OccBin divergence detection: Test Failed at /Users/chung/Desktop/CODES/MacroEconometricModels/test/dsge/test_dsge.jl:2597
  Expression: MacroEconometricModels._backward_iteration(ref, alt, d_ref, d_alt, P, Q, violvec, shock_path)
    Expected: ErrorException
      Thrown: ConvergenceError
      ConvergenceError: OccBin backward iteration diverged (max|P_tv| > 1e10 at period 8). The alternative (binding) regime is likely indeterminate. This commonly occurs in simple NK models at the ZLB. Consider adding model frictions (habits, investment adj. costs) or reducing shock magnitude.
      Stacktrace:
       [1] _backward_iteration(ref::OccBinRegime{Float64}, alt::OccBinRegime{Float64}, d_ref::Vector{Float64}, d_alt::Vector{Float64}, P::Matrix{Float64}, Q::Matrix{Float64}, violvec::BitVector, shock_path::Matrix{Float64})
         @ MacroEconometricModels ~/Desktop/CODES/MacroEconometricModels/src/dsge/occbin.jl:367
       [2] top-level scope
         @ ~/Desktop/CODES/MacroEconometricModels/test/dsge/test_dsge.jl:27
       [3] macro expansion
         @ ~/.julia/juliaup/julia-1.12.6+0.aarch64.apple.darwin14/Julia-1.12.app/Contents/Resources/julia/share/julia/stdlib/v1.12/Test/src/Test.jl:1777 [inlined]
       [4] macro expansion
         @ ~/Desktop/CODES/MacroEconometricModels/test/dsge/test_dsge.jl:2574 [inlined]
       [5] macro expansion
         @ ~/.julia/juliaup/julia-1.12.6+0.aarch64.apple.darwin14/Julia-1.12.app/Contents/Resources/julia/share/julia/stdlib/v1.12/Test/src/Test.jl:1777 [inlined]
       [6] macro expansion
         @ ~/Desktop/CODES/MacroEconometricModels/test/dsge/test_dsge.jl:2597 [inlined]
       [7] macro expansion
         @ ~/.julia/juliaup/julia-1.12.6+0.aarch64.apple.darwin14/Julia-1.12.app/Contents/Resources/julia/share/julia/stdlib/v1.12/Test/src/Test.jl:774 [inlined]
       [8] macro expansion
         @ ~/Desktop/CODES/MacroEconometricModels/test/dsge/test_dsge.jl:2597 [inlined]

Stacktrace:
 [1] top-level scope
   @ ~/Desktop/CODES/MacroEconometricModels/test/dsge/test_dsge.jl:27
 [2] macro expansion
   @ ~/.julia/juliaup/julia-1.12.6+0.aarch64.apple.darwin14/Julia-1.12.app/Contents/Resources/julia/share/julia/stdlib/v1.12/Test/src/Test.jl:1777 [inlined]
 [3] macro expansion
   @ ~/Desktop/CODES/MacroEconometricModels/test/dsge/test_dsge.jl:2574 [inlined]
 [4] macro expansion
   @ ~/.julia/juliaup/julia-1.12.6+0.aarch64.apple.darwin14/Julia-1.12.app/Contents/Resources/julia/share/julia/stdlib/v1.12/Test/src/Test.jl:1777 [inlined]
 [5] macro expansion
   @ ~/Desktop/CODES/MacroEconometricModels/test/dsge/test_dsge.jl:2597 [inlined]
Test Summary:                                                      | Pass  Fail  Total     Time
DSGE Module                                                        | 1423     1   1424  1m32.6s
  Type hierarchy                                                   |    1            1     0.0s
  DSGESpec construction                                            |   11           11     0.1s
  DSGESpec validation                                              |    2            2     0.0s
  DSGESpec show                                                    |    4            4     0.6s
  DSGESpec with forward-looking variables                          |    3            3     0.0s
  LinearDSGE construction                                          |    5            5     0.1s
  LinearDSGE validation                                            |    2            2     0.0s
  LinearDSGE show                                                  |    2            2     0.8s
  DSGESolution construction and accessors                          |    6            6     0.1s
  DSGESolution show                                                |    4            4     0.1s
  PerfectForesightPath construction                                |    3            3     0.1s
  PerfectForesightPath show                                        |    3            3     0.1s
  DSGEEstimation construction                                      |    8            8     0.1s
  DSGEEstimation validation                                        |    2            2     0.0s
  DSGEEstimation show                                              |    5            5     0.5s
  DSGEEstimation report                                            |    2            2     0.4s
  Parser: simple AR(1)                                             |    9            9     0.0s
  Parser: multi-variable                                           |    3            3     0.0s
  Parser: forward-looking / E[t]                                   |    1            1     0.0s
  Parser: implicit forward (no E[t])                               |    1            1     0.0s
  Parser: residual functions                                       |    3            3     0.0s
  Parser: equation count mismatch                                  |    1            1     0.0s
  Parser: steady_state single-line                                 |    5            5     0.0s
  Parser: steady_state multi-line begin...end                      |    3            3     0.0s
  Parser: steady_state auto-detected by compute_steady_state       |    1            1     1.1s
  Parser: no steady_state block → ss_fn is nothing                 |    1            1     0.0s
  Steady state: AR(1)                                              |    3            3     0.9s
  Steady state: simple production                                  |    3            3     0.2s
  Steady state: analytical                                         |    1            1     0.1s
  Steady state: ss_fn field on DSGESpec                            |    3            3     0.0s
  Steady state: auto-detect ss_fn on spec                          |    2            2     0.0s
  Steady state: NonlinearSolve algorithm kwarg                     |    2            2     0.2s
  Steady state: NonlinearSolve box-constrained                     |    1            1     0.6s
  Linearize: AR(1)                                                 |    5            5     0.1s
  Linearize: forward-looking                                       |    2            2     0.0s
  LinearDSGE show from linearize                                   |    1            1     0.0s
  Gensys: AR(1) model                                              |    4            4     8.4s
  Gensys: forward-looking model                                    |    3            3     0.0s
  Gensys: existence/uniqueness flags                               |    2            2     0.0s
  Exposed div/cluster_tol + UC stability gate (#222/#213)          |   14           14     0.3s
  Exact AD derivative tensors (#212)                               |    7            7     1.4s
  GMRES Sylvester residual guard (#215)                            |    3            3     0.7s
  Matrix-free Kronecker power (#225 part 1)                        |   23           23     0.0s
  Smolyak grid unisolvency (#218)                                  |    7            7     0.2s
  Lyapunov doubling (#220)                                         |    5            5     0.1s
  Steady-state residual guard + cached eigenvalues (#214/#224)     |    4            4     0.0s
  Solvers route through companion-QZ core (T112 #211)              |    3            3     0.0s
  Gensys: default method                                           |    1            1     0.0s
  BK: AR(1) model                                                  |    4            4     0.0s
  BK: agrees with gensys                                           |    2            2     0.0s
  Perfect foresight: AR(1) impulse                                 |    6            6     1.9s
  Perfect foresight: zero shocks = steady state                    |    2            2     0.2s
  Perfect foresight: multi-variable                                |    6            6     0.0s
  Perfect foresight: convergence diagnostics                       |    3            3     0.0s
  Perfect foresight: persistent shocks                             |    2            2     0.0s
  Perfect foresight: requires steady state                         |    2            2     0.0s
  Perfect foresight: show method                                   |    2            2     0.0s
  Perfect foresight: NonlinearSolve algorithm kwarg                |    3            3     0.3s
  Perfect foresight: NonlinearSolve box-constrained (non-binding)  |    4            4     0.3s
  Perfect foresight: box-constrained binding (escalation)          |    2            2     0.0s
  Simulate: stochastic                                             |    3            3     0.2s
  Simulate: deterministic (given shocks)                           |    2            2     0.1s
  IRF bridge to ImpulseResponse                                    |    6            6     0.1s
  FEVD bridge to FEVD type                                         |   21           21     0.0s
  FEVD with n_endog > n_shocks                                     |   26           26     0.0s
  plot_result works with DSGE IRF                                  |    1            1     0.1s
  IRF matching: recover AR(1) parameter                            |    5            5     7.7s
  Euler GMM: basic                                                 |    3            3     0.3s
  estimate_dsge: invalid method                                    |    1            1     0.0s
  IRF matching: pre-computed target IRFs                           |    2            2     0.1s
  IRF matching: SEs respond to target IRF covariance Ω (T039)      |    3            3     0.4s
  IRF matching: J is Ω-weighted χ² with correct dof (T039)         |    4            4     0.1s
  DSGEEstimation show and report                                   |    3            3     0.0s
  Full workflow: specify → solve → analyze                         |    7            7     0.0s
  Full workflow: forward-looking model                             |    6            6     0.0s
  Full workflow: perfect foresight                                 |    2            2     0.0s
  refs() for DSGE                                                  |   15           15     0.2s
  DSGE SMM Estimation                                              |    7            7     1.3s
  DSGE SMM: invalid method still errors                            |    1            1     0.0s
  solve_lyapunov: 1D AR(1)                                         |    2            2     0.0s
  solve_lyapunov: 2D VAR(1)                                        |    4            4     0.0s
  solve_lyapunov: unstable system errors                           |    1            1     0.0s
  analytical_moments: AR(1) matches theory                         |    3            3     0.0s
  analytical_moments: 2D matches simulation                        |    8            8     0.0s
  analytical_moments: lags=0                                       |    2            2     0.0s
  DSGE Analytical GMM Estimation                                   |    5            5     2.3s
  DSGE Analytical GMM: lags kwarg                                  |    2            2     0.2s
  DSGE estimate_dsge: invalid method error includes analytical_gmm |    1            1     0.0s
  OccBin: types                                                    |   24           24     0.5s
  OccBin: parse_constraint                                         |    7            7     0.0s
  OccBin: _derive_alternative_regime                               |    3            3     0.2s
  OccBin: _extract_regime                                          |    5            5     0.0s
  OccBin: _map_regime                                              |   10           10     0.0s
  OccBin: one-constraint ZLB                                       |    7            7     0.6s
  OccBin: no-binding case                                          |    3            3     0.1s
  OccBin: explicit alt_spec variant                                |    2            2     0.3s
  OccBin: leq constraint                                           |    3            3     0.1s
  OccBin: show and report on solution                              |    3            3     0.1s
  OccBin: two-constraint                                           |    7            7     0.6s
  OccBin defining-equation collision (#219)                        |    3            3     0.0s
  OccBin: two-constraint no-binding                                |    3            3     0.0s
  OccBin: two-constraint with explicit alt_specs                   |    3            3     0.5s
  OccBin: two-constraint curb_retrench                             |    2            2     0.0s
  OccBin: _find_last_binding_two                                   |    4            4     0.0s
  OccBin: two-constraint show/report                               |    3            3     0.1s
  OccBin: refs()                                                   |    4            4     0.0s
  OccBin: occbin_irf one-constraint                                |    7            7     0.1s
  OccBin: occbin_irf no-binding                                    |    2            2     0.0s
  OccBin: occbin_irf two-constraint                                |    3            3     0.1s
  OccBin: occbin_irf invalid shock_idx                             |    2            2     0.0s
  OccBin: occbin_irf show                                          |    2            2     0.0s
  OccBin: explicit alternative spec                                |    2            2     0.1s
  OccBin: <= constraint direction                                  |    4            4     0.1s
  OccBin: maxiter warning                                          |    2            2     0.0s
  OccBin: show/report for OccBinSolution                           |    4            4     0.1s
  OccBin: constraint parsing edge cases                            |    3            3     0.0s
  OccBin equation ordering independence                            |    1            1     0.0s
  OccBin divergence detection                                      |          1      1     1.1s
  OccBin constraints stored in solution                            |    2            2     0.0s
  OccBin: irf(OccBinSolution) dispatch                             |    4            4     0.1s
  OccBin: plot_result OccBinIRF                                    |    3            3     0.2s
  OccBin: plot_result OccBinSolution                               |    2            2     0.1s
  DSGE Display (#57)                                               |   45           45     0.2s
  Augmentation: @dsge with news shock (#54)                        |    7            7     0.0s
  Augmentation: @dsge with deep endogenous lag (#54)               |    4            4     0.0s
  Augmentation: backward compat — no augmentation needed (#54)     |    5            5     0.0s
  Augmentation: @dsge with deep lead (#54)                         |    4            4     0.0s
  Augmentation: solve and simulate AR(2) (#54)                     |    7            7     0.0s
  Augmentation: news shock IRF timing (#54)                        |    5            5     0.0s
  Augmentation: display shows original equations (#54)             |    9            9     0.0s
  News Shocks: Full Pipeline (#54)                                 |   10           10     0.0s
  Higher-Order Lead: y[t+2] (#54)                                  |    5            5     0.0s
  Mixed: deep lag + news shock (#54)                               |    5            5     0.1s
  Augmentation: analytical_moments with news (#54)                 |    3            3     0.0s
  Augmentation: metadata correctness (#54)                         |   17           17     0.0s
  Klein (2000) Solver (#49)                                        |   33           33     0.2s
  Higher-Order Perturbation (#48)                                  |  278          278    15.0s
  GMM Higher-Order Moments                                         |   60           60    11.7s
  Projection Methods                                               |  191          191     2.3s
  Policy Function Iteration                                        |   50           50     0.7s
  Anderson Acceleration                                            |    7            7     0.1s
  Value Function Iteration                                         |   51           51     0.5s
  DSGE Constraint Types                                            |   84           84    21.6s
  Linear model support                                             |   30           30     1.6s
RNG of the outermost testset: Xoshiro(0xc3f81cfd0d983483, 0xd62d361d8310111e, 0x6015931587318dcf, 0x6c1b863cf9edd742, 0x1bac4a6c10410fb6)
