┌ Warning: measurement_error=:auto: added per-observable measurement error at 10% of each series' variance
│   observables =
│    2-element Vector{Symbol}:
│     :a
│     :b
│   sds =
│    2-element Vector{Float64}:
│     0.0
│     5.0
└ @ MacroEconometricModels ~/Desktop/CODES/MacroEconometricModels/src/dsge/bayes_estimation.jl:198
┌ Warning: Matrix singular. Using pseudo-inverse.
└ @ MacroEconometricModels ~/Desktop/CODES/MacroEconometricModels/src/core/utils.jl:158
┌ Warning: Matrix singular. Using pseudo-inverse.
└ @ MacroEconometricModels ~/Desktop/CODES/MacroEconometricModels/src/core/utils.jl:158
┌ Warning: Matrix singular. Using pseudo-inverse.
└ @ MacroEconometricModels ~/Desktop/CODES/MacroEconometricModels/src/core/utils.jl:158

=========================== RUN: test/dsge/test_bayesian_dsge.jl ===========================
BayesianDSGESimulation{Float64}
  Periods:    20
  Variables:  1
  Draws:      10
  Quantiles:  [0.05, 0.16, 0.84, 0.95]
Test Summary: | Pass  Total     Time
Bayesian DSGE | 1194   1194  1m31.5s
Test Summary:                                       | Pass  Total  Time
posterior irf/fevd/simulate with n_endog > n_shocks |    3      3  0.7s

=== run_one.jl done ===
