┌ Warning: measurement_error=:auto: added per-observable measurement error at 10% of each series' variance
│   observables =
│    2-element Vector{Symbol}:
│     :a
│     :b
│   sds =
│    2-element Vector{Float64}:
│     0.0
│     5.0
└ @ MacroEconometricModels ~/Desktop/CODES/MacroEconometricModels/src/dsge/bayes_estimation.jl:198
┌ Warning: Matrix singular. Using pseudo-inverse.
└ @ MacroEconometricModels ~/Desktop/CODES/MacroEconometricModels/src/core/utils.jl:158
┌ Warning: Matrix singular. Using pseudo-inverse.
└ @ MacroEconometricModels ~/Desktop/CODES/MacroEconometricModels/src/core/utils.jl:158
ERROR: LoadError: Some tests did not pass: 1175 passed, 1 failed, 2 errored, 0 broken.
in expression starting at /Users/chung/Desktop/CODES/MacroEconometricModels/test/dsge/test_bayesian_dsge.jl:21
in expression starting at /Users/chung/Desktop/CODES/MacroEconometricModels/scratchpad/run_one.jl:13

=========================== RUN: test/dsge/test_bayesian_dsge.jl ===========================
BayesianDSGESimulation{Float64}
  Periods:    20
  Variables:  1
  Draws:      10
  Quantiles:  [0.05, 0.16, 0.84, 0.95]
identification_diagnostics: Iskrev rank test (#335): Error During Test at /Users/chung/Desktop/CODES/MacroEconometricModels/test/dsge/test_bayesian_dsge.jl:3913
  Got exception outside of a @test
  MethodError: no method matching numerical_gradient(::MacroEconometricModels.var"#2270#2271"{Float64, Int64, Symbol, @NamedTuple{}, DSGESpec{Float64}, Vector{Symbol}, Int64}, ::Vector{Float64}; eps::Float64)
  This method does not support all of the given keyword arguments (and may not support any).
  
  Closest candidates are:
    numerical_gradient(::Function, ::AbstractVector{T}; step) where T<:AbstractFloat got unsupported keyword argument "eps"
     @ MacroEconometricModels ~/Desktop/CODES/MacroEconometricModels/src/gmm/gmm.jl:183
  
  Stacktrace:
    [1] kwerr(::@NamedTuple{eps::Float64}, ::Function, ::Function, ::Vector{Float64})
      @ Base ./error.jl:175
    [2] identification_diagnostics(spec::DSGESpec{Float64}, param_names::Vector{Symbol}; theta::Nothing, observables::Vector{Symbol}, n_lags::Int64, tol_rel::Float64, solver::Symbol, solver_kwargs::@NamedTuple{})
      @ MacroEconometricModels ~/Desktop/CODES/MacroEconometricModels/src/dsge/identification.jl:186
    [3] top-level scope
      @ ~/Desktop/CODES/MacroEconometricModels/test/dsge/test_bayesian_dsge.jl:27
    [4] macro expansion
      @ ~/.julia/juliaup/julia-1.12.6+0.aarch64.apple.darwin14/Julia-1.12.app/Contents/Resources/julia/share/julia/stdlib/v1.12/Test/src/Test.jl:1777 [inlined]
    [5] macro expansion
      @ ~/Desktop/CODES/MacroEconometricModels/test/dsge/test_bayesian_dsge.jl:3915 [inlined]
    [6] macro expansion
      @ ~/.julia/juliaup/julia-1.12.6+0.aarch64.apple.darwin14/Julia-1.12.app/Contents/Resources/julia/share/julia/stdlib/v1.12/Test/src/Test.jl:1777 [inlined]
    [7] macro expansion
      @ ~/Desktop/CODES/MacroEconometricModels/test/dsge/test_bayesian_dsge.jl:3923 [inlined]
    [8] include(mapexpr::Function, mod::Module, _path::String)
      @ Base ./Base.jl:307
    [9] top-level scope
      @ ~/Desktop/CODES/MacroEconometricModels/scratchpad/run_one.jl:16
   [10] include(mod::Module, _path::String)
      @ Base ./Base.jl:306
   [11] exec_options(opts::Base.JLOptions)
      @ Base ./client.jl:317
   [12] _start()
      @ Base ./client.jl:550
  
  caused by: MethodError: no method matching Float64(::ForwardDiff.Dual{ForwardDiff.Tag{MacroEconometricModels.var"#2270#2271"{Float64, Int64, Symbol, @NamedTuple{}, DSGESpec{Float64}, Vector{Symbol}, Int64}, Float64}, Float64, 2})
  The type `Float64` exists, but no method is defined for this combination of argument types when trying to construct it.
  
  Closest candidates are:
    (::Type{T})(::Real, !Matched::RoundingMode) where T<:AbstractFloat
     @ Base rounding.jl:265
    (::Type{T})(::T) where T<:Number
     @ Core boot.jl:965
    Float64(!Matched::IrrationalConstants.Invsqrt2)
     @ IrrationalConstants ~/.julia/packages/IrrationalConstants/RokwY/src/macro.jl:111
    ...
  
  Stacktrace:
    [1] convert(::Type{Float64}, x::ForwardDiff.Dual{ForwardDiff.Tag{MacroEconometricModels.var"#2270#2271"{Float64, Int64, Symbol, @NamedTuple{}, DSGESpec{Float64}, Vector{Symbol}, Int64}, Float64}, Float64, 2})
      @ Base ./number.jl:7
    [2] setindex!
      @ ./genericmemory.jl:259 [inlined]
    [3] unsafe_copyto!(dest::Memory{Float64}, doffs::Int64, src::Memory{ForwardDiff.Dual{ForwardDiff.Tag{MacroEconometricModels.var"#2270#2271"{Float64, Int64, Symbol, @NamedTuple{}, DSGESpec{Float64}, Vector{Symbol}, Int64}, Float64}, Float64, 2}}, soffs::Int64, n::Int64)
      @ Base ./genericmemory.jl:158
    [4] unsafe_copyto!
      @ ./genericmemory.jl:137 [inlined]
    [5] _copyto_impl!
      @ ./array.jl:308 [inlined]
    [6] copyto!
      @ ./array.jl:294 [inlined]
    [7] copyto!
      @ ./array.jl:319 [inlined]
    [8] copyto_axcheck!
      @ ./abstractarray.jl:1176 [inlined]
    [9] Array
      @ ./array.jl:621 [inlined]
   [10] (::MacroEconometricModels.var"#2270#2271"{Float64, Int64, Symbol, @NamedTuple{}, DSGESpec{Float64}, Vector{Symbol}, Int64})(th::Vector{ForwardDiff.Dual{ForwardDiff.Tag{MacroEconometricModels.var"#2270#2271"{Float64, Int64, Symbol, @NamedTuple{}, DSGESpec{Float64}, Vector{Symbol}, Int64}, Float64}, Float64, 2}})
      @ MacroEconometricModels ~/Desktop/CODES/MacroEconometricModels/src/dsge/identification.jl:178
   [11] vector_mode_dual_eval!
      @ ~/.julia/packages/ForwardDiff/egQMG/src/apiutils.jl:24 [inlined]
   [12] vector_mode_jacobian(f::MacroEconometricModels.var"#2270#2271"{Float64, Int64, Symbol, @NamedTuple{}, DSGESpec{Float64}, Vector{Symbol}, Int64}, x::Vector{Float64}, cfg::ForwardDiff.JacobianConfig{ForwardDiff.Tag{MacroEconometricModels.var"#2270#2271"{Float64, Int64, Symbol, @NamedTuple{}, DSGESpec{Float64}, Vector{Symbol}, Int64}, Float64}, Float64, 2, Vector{ForwardDiff.Dual{ForwardDiff.Tag{MacroEconometricModels.var"#2270#2271"{Float64, Int64, Symbol, @NamedTuple{}, DSGESpec{Float64}, Vector{Symbol}, Int64}, Float64}, Float64, 2}}})
      @ ForwardDiff ~/.julia/packages/ForwardDiff/egQMG/src/jacobian.jl:129
   [13] jacobian
      @ ~/.julia/packages/ForwardDiff/egQMG/src/jacobian.jl:22 [inlined]
   [14] jacobian(f::MacroEconometricModels.var"#2270#2271"{Float64, Int64, Symbol, @NamedTuple{}, DSGESpec{Float64}, Vector{Symbol}, Int64}, x::Vector{Float64}, cfg::ForwardDiff.JacobianConfig{ForwardDiff.Tag{MacroEconometricModels.var"#2270#2271"{Float64, Int64, Symbol, @NamedTuple{}, DSGESpec{Float64}, Vector{Symbol}, Int64}, Float64}, Float64, 2, Vector{ForwardDiff.Dual{ForwardDiff.Tag{MacroEconometricModels.var"#2270#2271"{Float64, Int64, Symbol, @NamedTuple{}, DSGESpec{Float64}, Vector{Symbol}, Int64}, Float64}, Float64, 2}}})
      @ ForwardDiff ~/.julia/packages/ForwardDiff/egQMG/src/jacobian.jl:19
   [15] jacobian(f::MacroEconometricModels.var"#2270#2271"{Float64, Int64, Symbol, @NamedTuple{}, DSGESpec{Float64}, Vector{Symbol}, Int64}, x::Vector{Float64})
      @ ForwardDiff ~/.julia/packages/ForwardDiff/egQMG/src/jacobian.jl:19
   [16] identification_diagnostics(spec::DSGESpec{Float64}, param_names::Vector{Symbol}; theta::Nothing, observables::Vector{Symbol}, n_lags::Int64, tol_rel::Float64, solver::Symbol, solver_kwargs::@NamedTuple{})
      @ MacroEconometricModels ~/Desktop/CODES/MacroEconometricModels/src/dsge/identification.jl:183
   [17] top-level scope
      @ ~/Desktop/CODES/MacroEconometricModels/test/dsge/test_bayesian_dsge.jl:27
   [18] macro expansion
      @ ~/.julia/juliaup/julia-1.12.6+0.aarch64.apple.darwin14/Julia-1.12.app/Contents/Resources/julia/share/julia/stdlib/v1.12/Test/src/Test.jl:1777 [inlined]
   [19] macro expansion
      @ ~/Desktop/CODES/MacroEconometricModels/test/dsge/test_bayesian_dsge.jl:3915 [inlined]
   [20] macro expansion
      @ ~/.julia/juliaup/julia-1.12.6+0.aarch64.apple.darwin14/Julia-1.12.app/Contents/Resources/julia/share/julia/stdlib/v1.12/Test/src/Test.jl:1777 [inlined]
   [21] macro expansion
      @ ~/Desktop/CODES/MacroEconometricModels/test/dsge/test_bayesian_dsge.jl:3923 [inlined]
   [22] include(mapexpr::Function, mod::Module, _path::String)
      @ Base ./Base.jl:307
   [23] top-level scope
      @ ~/Desktop/CODES/MacroEconometricModels/scratchpad/run_one.jl:16
   [24] include(mod::Module, _path::String)
      @ Base ./Base.jl:306
   [25] exec_options(opts::Base.JLOptions)
      @ Base ./client.jl:317
   [26] _start()
      @ Base ./client.jl:550
prior_predictive + posterior_predictive_check (#336): Error During Test at /Users/chung/Desktop/CODES/MacroEconometricModels/test/dsge/test_bayesian_dsge.jl:4026
  Got exception outside of a @test
  ArgumentError: data has shape (150, 2) but neither dimension equals the number of observables n_obs=1. Pass data as T×n (time in rows, variables in columns).
  Stacktrace:
    [1] _orient_data(data::Matrix{Float64}, n_obs::Int64, ::Type{Float64})
      @ MacroEconometricModels ~/Desktop/CODES/MacroEconometricModels/src/dsge/bayes_estimation.jl:171
    [2] estimate_dsge_bayes(spec::DSGESpec{Float64}, data::Matrix{Float64}, theta0::Vector{Float64}; priors::Dict{Symbol, Beta{Float64}}, method::Symbol, observables::Vector{Symbol}, n_smc::Int64, n_particles::Int64, n_mh_steps::Int64, n_draws::Int64, burnin::Int64, keep_burnin::Bool, ess_target::Float64, measurement_error::Nothing, likelihood::Symbol, solver::Symbol, solver_kwargs::@NamedTuple{}, delayed_acceptance::Bool, n_screen::Int64, max_stages::Int64, min_dphi::Float64, proposal::Symbol, transform::Bool, rng::MersenneTwister)
      @ MacroEconometricModels ~/Desktop/CODES/MacroEconometricModels/src/dsge/bayes_estimation.jl:318
    [3] estimate_dsge_bayes
      @ ~/Desktop/CODES/MacroEconometricModels/src/dsge/bayes_estimation.jl:276 [inlined]
    [4] (::var"#881#882")()
      @ Main ~/Desktop/CODES/MacroEconometricModels/test/dsge/test_bayesian_dsge.jl:4116
    [5] with_logstate(f::var"#881#882", logstate::Base.CoreLogging.LogState)
      @ Base.CoreLogging ./logging/logging.jl:542
    [6] with_logger(f::Function, logger::MacroEconometricModels._MinLevelLogger{Base.CoreLogging.ConsoleLogger})
      @ Base.CoreLogging ./logging/logging.jl:653
    [7] _suppress_warnings(f::Function)
      @ MacroEconometricModels ~/Desktop/CODES/MacroEconometricModels/src/core/utils.jl:131
    [8] top-level scope
      @ ~/Desktop/CODES/MacroEconometricModels/test/dsge/test_bayesian_dsge.jl:27
    [9] macro expansion
      @ ~/.julia/juliaup/julia-1.12.6+0.aarch64.apple.darwin14/Julia-1.12.app/Contents/Resources/julia/share/julia/stdlib/v1.12/Test/src/Test.jl:1777 [inlined]
   [10] macro expansion
      @ ~/Desktop/CODES/MacroEconometricModels/test/dsge/test_bayesian_dsge.jl:4027 [inlined]
   [11] macro expansion
      @ ~/.julia/juliaup/julia-1.12.6+0.aarch64.apple.darwin14/Julia-1.12.app/Contents/Resources/julia/share/julia/stdlib/v1.12/Test/src/Test.jl:1777 [inlined]
   [12] macro expansion
      @ ~/Desktop/CODES/MacroEconometricModels/test/dsge/test_bayesian_dsge.jl:4027 [inlined]
   [13] include(mapexpr::Function, mod::Module, _path::String)
      @ Base ./Base.jl:307
   [14] top-level scope
      @ ~/Desktop/CODES/MacroEconometricModels/scratchpad/run_one.jl:16
   [15] include(mod::Module, _path::String)
      @ Base ./Base.jl:306
   [16] exec_options(opts::Base.JLOptions)
      @ Base ./client.jl:317
   [17] _start()
      @ Base ./client.jl:550
RWMH transform=true: boundary-safe walk (#337): Test Failed at /Users/chung/Desktop/CODES/MacroEconometricModels/test/dsge/test_bayesian_dsge.jl:4191
  Expression: abs(mt[1] - mu[1]) < 0.1
   Evaluated: 0.13598432179472342 < 0.1

Stacktrace:
  [1] macro expansion
    @ ~/.julia/juliaup/julia-1.12.6+0.aarch64.apple.darwin14/Julia-1.12.app/Contents/Resources/julia/share/julia/stdlib/v1.12/Test/src/Test.jl:680 [inlined]
  [2] (::var"#899#900")()
    @ Main ~/Desktop/CODES/MacroEconometricModels/test/dsge/test_bayesian_dsge.jl:4191
  [3] with_logstate(f::var"#899#900", logstate::Base.CoreLogging.LogState)
    @ Base.CoreLogging ./logging/logging.jl:542
  [4] with_logger(f::Function, logger::MacroEconometricModels._MinLevelLogger{Base.CoreLogging.ConsoleLogger})
    @ Base.CoreLogging ./logging/logging.jl:653
  [5] _suppress_warnings(f::Function)
    @ MacroEconometricModels ~/Desktop/CODES/MacroEconometricModels/src/core/utils.jl:131
  [6] top-level scope
    @ ~/Desktop/CODES/MacroEconometricModels/test/dsge/test_bayesian_dsge.jl:27
  [7] macro expansion
    @ ~/.julia/juliaup/julia-1.12.6+0.aarch64.apple.darwin14/Julia-1.12.app/Contents/Resources/julia/share/julia/stdlib/v1.12/Test/src/Test.jl:1777 [inlined]
  [8] macro expansion
    @ ~/Desktop/CODES/MacroEconometricModels/test/dsge/test_bayesian_dsge.jl:4156 [inlined]
  [9] macro expansion
    @ ~/.julia/juliaup/julia-1.12.6+0.aarch64.apple.darwin14/Julia-1.12.app/Contents/Resources/julia/share/julia/stdlib/v1.12/Test/src/Test.jl:1777 [inlined]
 [10] macro expansion
    @ ~/Desktop/CODES/MacroEconometricModels/test/dsge/test_bayesian_dsge.jl:4156 [inlined]
Test Summary:                                                                  | Pass  Fail  Error  Total     Time
Bayesian DSGE                                                                  | 1175     1      2   1178  1m33.5s
  BayesianDSGE <: AbstractDSGEModel                                            |    3                   3     0.0s
  DSGEPrior construction                                                       |   15                  15     0.3s
  DSGEPrior validation                                                         |    3                   3     0.1s
  DSGEStateSpace construction                                                  |    8                   8     0.2s
  DSGEStateSpace validation                                                    |    3                   3     0.0s
  NonlinearStateSpace construction                                             |   12                  12     0.1s
  NonlinearStateSpace validation                                               |    1                   1     0.0s
  PFWorkspace allocation — order 1                                             |   17                  17     0.1s
  Particle-filter likelihood correct under adaptive resampling (#128)          |    3                   3     2.1s
  PFWorkspace allocation — order 2                                             |    8                   8     0.0s
  PFWorkspace allocation — order 3                                             |    8                   8     0.0s
  PFWorkspace allocation — CSMC                                                |    4                   4     0.0s
  PFWorkspace resize                                                           |   14                  14     0.1s
  SMCState construction                                                        |    5                   5     0.0s
  Build observation equation                                                   |   18                  18     2.0s
  Build observation equation with measurement error                            |    5                   5     0.1s
  Stochastic singularity & auto measurement error (T042)                       |    7                   7    14.2s
  Build state space from DSGESolution                                          |    7                   7     0.1s
  Kalman loglikelihood: AR(1)                                                  |    4                   4     0.0s
  Kalman diffuse init: scale-invariant under a unit root (T040)                |    2                   2     0.0s
  Kalman init: non-stability error propagates, not swallowed (T040)            |    1                   1     0.0s
  Kalman loglikelihood: 2D with missing data                                   |    5                   5     0.0s
  Linear transition kernel                                                     |  100                 100     0.0s
  Log-weight computation                                                       |   50                  50     0.0s
  Systematic resampling                                                        |    5                   5     0.1s
  Logsumexp                                                                    |    7                   7     0.0s
  Kronecker buffer fill (2nd-order)                                            |  180                 180     0.0s
  Kronecker buffer fill (3rd-order)                                            |   80                  80     0.0s
  PFWorkspace allocation with 3rd-order                                        |    5                   5     0.0s
  Bootstrap particle filter: AR(1)                                             |    3                   3     0.0s
  Conditional SMC                                                              |    5                   5     0.1s
  Normalize log weights                                                        |    8                   8     0.0s
  Resample particles                                                           |   10                  10     0.0s
  Stationary initialization                                                    |    2                   2     0.1s
  Adaptive tempering bisection                                                 |    3                   3     0.1s
  Log prior evaluation                                                         |    4                   4     0.1s
  Build likelihood function                                                    |    3                   3     0.1s
  Likelihood closure: narrow catch + failure counting (T041)                   |    5                   5     0.2s
  SMC records and surfaces the likelihood failure count (T041)                 |    3                   3     2.3s
  posterior_predictive drops failed draws, no zero-fill (T041)                 |    3                   3     0.3s
  SMC with Kalman: AR(1) recovery                                              |    4                   4     0.5s
  SMC prior init errors on exhausted retries (T051 #150)                       |    3                   3     0.2s
  SMC tempering: max_stages guard (#145 T046)                                  |    1                   1     0.2s
  _check_tempering_progress: min_dphi + max_stages guards (#145 T046)          |    4                   4     0.0s
  SMC² tempering: max_stages guard (#145 T046)                                 |    1                   1     1.1s
  Adaptive RWMH: AR(1) recovery                                                |    5                   5     0.9s
  RWMH freezes proposal after burn-in and windows the acceptance signal (T038) |    8                   8     0.9s
  Adaptive N_x in SMC²                                                         |    2                   2     0.0s
  PF likelihood function                                                       |    3                   3     0.1s
  SMC² with particle filter: AR(1)                                             |    2                   2     0.6s
  estimate_dsge_bayes: SMC + Kalman                                            |    8                   8     0.5s
  estimate_dsge_bayes: MH                                                      |    5                   5     0.7s
  estimate_dsge_bayes: auto data transpose                                     |    1                   1     0.2s
  estimate_dsge_bayes: invalid method                                          |    1                   1     1.0s
  _resolve_theta0: order-independent Dict/NamedTuple + length validation       |    7                   7     0.1s
  estimate_dsge_bayes: accepts Dict theta0, errors on wrong length (#136)      |    2                   2     0.5s
  _orient_data: orientation by n_obs, not by size comparison                   |    4                   4     0.0s
  estimate_dsge_bayes: T×n and n×T give the same likelihood (#142)             |    2                   2     0.3s
  posterior_summary                                                            |    7                   7     0.2s
  posterior_summary: quantiles equal Statistics.quantile (#144)                |    3                   3     0.4s
  marginal_likelihood                                                          |    2                   2     0.2s
  bayes_factor                                                                 |    1                   1     0.2s
  _geweke_mhm: recovers analytic Gaussian marginal likelihood                  |    4                   4     0.2s
  _geweke_mhm: short-chain / degenerate guards return NaN                      |    2                   2     0.0s
  marginal_likelihood: :mh MHM agrees with :smc (not max log posterior)        |    4                   4     2.9s
  SMC log marginal likelihood: ratio increment (resample-invariant)            |    4                   4    16.4s
  _adaptive_tempering: ESS on cumulative weights (no overshoot)                |    5                   5     0.0s
  _terminal_resample!: unweighted quantiles match weighted pre-resample set    |    4                   4     0.1s
  _chunk_ranges: contiguous non-overlapping partition of 1:N                   |   18                  18     0.1s
  SMC² PMMH recovers the Kalman posterior (linear model)                       |    2                   2     2.9s
  _pf_estimator_variance: estimator noise, not posterior spread (#135)         |    4                   4     0.3s
  _exchange_step!: recomputes all θ-likelihoods at the new N_x (#135)          |    2                   2     0.2s
  SMC² init likelihoods: threaded chunks == serial (#146 #147)                 |    2                   2     0.2s
  BayesianDSGE show                                                            |    7                   7     0.2s
  BayesianDSGE report                                                          |    2                   2     0.2s
  BayesianDSGE refs                                                            |    2                   2     0.3s
  plot_result(BayesianDSGE)                                                    |    5                   5     0.4s
  StatsAPI methods for BayesianDSGE                                            |    4                   4     0.2s
  estimate_dsge_bayes with TimeSeriesData                                      |    1                   1     0.2s
  E2E: 2-variable model, SMC + Kalman                                          |    5                   5     1.1s
  E2E: MH baseline                                                             |    3                   3     0.3s
  PFWorkspace allocation — augmented_buffer and kron_cross_buffer              |    7                   7     0.0s
  PFWorkspace allocation — nx parameter                                        |    6                   6     0.0s
  PFWorkspace resize — augmented_buffer and kron_cross_buffer                  |    5                   5     0.0s
  Nonlinear PF: _fill_kron_cross_buffer!                                       |   36                  36     0.0s
  Nonlinear PF: _pf_initialize_nonlinear!                                      |    4                   4     0.8s
  Nonlinear PF: _pf_transition_pruned! matches pruning.jl                      |    5                   5     0.2s
  Nonlinear PF: _pf_resample_pruned!                                           |    7                   7     0.1s
  Nonlinear bootstrap PF: finite log-likelihood (order 2)                      |    2                   2     0.1s
  Nonlinear CSMC: finite log-likelihood (order 2)                              |    3                   3     0.1s
  Nonlinear PF vs Kalman: order 1 comparison                                   |    3                   3     0.2s
  Kalman guard: PerturbationSolution order >= 2 returns -Inf                   |    1                   1     0.1s
  _build_solution_at_theta dispatches on PerturbationSolution                  |    4                   4     0.1s
  ProjectionStateSpace construction                                            |   13                  13     0.4s
  Projection PF: transition kernel matches evaluate_policy                     |   52                  52     0.1s
  Projection bootstrap PF: finite log-likelihood (collocation)                 |    2                   2     0.1s
  Projection bootstrap PF: finite log-likelihood (PFI)                         |    4                   4     0.1s
  Projection CSMC: conditional SMC with reference trajectory                   |    2                   2     0.2s
  Projection PF vs Kalman: linear model comparison                             |    2                   2     0.1s
  _build_solution_at_theta: ProjectionSolution dispatch                        |    5                   5     0.2s
  MH mutation dispatch for projection solver                                   |    3                   3     3.4s
  Collocation solver warm-starting with initial_coeffs                         |    4                   4     0.5s
  PFI solver warm-starting with initial_coeffs                                 |    4                   4     0.1s
  SMC² per-particle solution storage                                           |    2                   2     0.2s
  Delayed acceptance kwarg passthrough                                         |    2                   2     0.2s
  Two-stage delayed acceptance MH correctness                                  |    3                   3     1.3s
  irf(::BayesianDSGE)                                                          |   10                  10     1.9s
  fevd(::BayesianDSGE)                                                         |    6                   6     0.9s
  simulate(::BayesianDSGE)                                                     |    8                   8     0.4s
  _respec + PF effective-SS offset preserve linear=true (E-07 / #115)          |    9                   9     0.0s
  Posterior-mean solve failure falls back to highest-posterior draw (T044)     |    8                   8     0.2s
  posterior_mode: mode finding + Laplace ML (#332)                             |   17                  17     2.3s
  posterior_mode: RWMH proposal seeding (proposal=:mode)                       |    4                   4     1.0s
  posterior_mode: non-PD Hessian fallback (flat posterior)                     |    4                   4     0.6s
  MCMC diagnostics internals: rank-normalized R̂/ESS/Geweke (#333)              |   13                  13     0.2s
  mcmc_diagnostics + trace/acf accessors + low-ESS warning (#333)              |   25                  25     2.5s
  bridge_sampling_ml: agrees with SMC and Laplace (#334)                       |   12                  12     4.0s
  bridge_sampling_ml: failure paths return NaN + warn (#334)                   |    2                   2     0.2s
  identification_diagnostics: Iskrev rank test (#335)                          |                 1      1     1.7s
  learning_rate_check + prior_posterior_overlap (#335)                         |   13                  13     2.6s
  prior_predictive + posterior_predictive_check (#336)                         |   21            1     22     3.3s
  sampler transforms: round trip + log-Jacobian (#337)                         |    7                   7     0.0s
  RWMH transform=true: boundary-safe walk (#337)                               |    8     1             9     4.3s
  dynare_prior: moment-matched constructors (#338)                             |   23                  23     0.1s
  dynare_prior: inverse gamma on σ (InverseGamma1) (#338)                      |   17                  17     0.1s
  dynare_prior: end-to-end in estimate_dsge_bayes (#338)                       |    2                   2     0.6s
RNG of the outermost testset: Xoshiro(0xba0397a694776142, 0xf65fe1be32bdcb61, 0xf499847643e1ea3b, 0x5a66f06e9b0fb5b7, 0xdcf36636bd884e8d)
